<?xml version="1.0" encoding="UTF-8"?>
<!-- Generated by org.testng.reporters.JUnitReportReporter -->
<testsuite skipped="0" hostname="Jolly" name="DataProvide1.driver_summation" tests="6" failures="0" timestamp="18 Apr 2017 15:51:24 GMT" time="0.018" errors="0">
  <testcase name="testdata" time="0.001" classname="DataProvide1.driver_summation"/>
  <testcase name="testdata" time="0.002" classname="DataProvide1.driver_summation"/>
  <testcase name="testdata" time="0.002" classname="DataProvide1.driver_summation"/>
  <testcase name="testdata" time="0.001" classname="DataProvide1.driver_summation"/>
  <testcase name="testdata" time="0.001" classname="DataProvide1.driver_summation"/>
  <testcase name="testdata" time="0.011" classname="DataProvide1.driver_summation"/>
</testsuite> <!-- DataProvide1.driver_summation -->
